<?xml version="1.0" encoding="UTF-8"?>
<!-- Generated by org.testng.reporters.JUnitReportReporter -->
<testsuite hostname="ShrikantSarodeLaptop" failures="0" tests="1" name="com.bymatAutomation.modulename.testcases.TestCase1" time="9.005" errors="0" timestamp="2023-05-13T19:54:14 IST" skipped="0">
  <testcase classname="com.bymatAutomation.modulename.testcases.TestCase1" name="loginToInstagram" time="9.005"/>
  <system-out/>
</testsuite> <!-- com.bymatAutomation.modulename.testcases.TestCase1 -->
